Flutter crash report.
Please report a bug at https://github.com/flutter/flutter/issues.

## command

flutter run --machine --start-paused -d chrome --devtools-server-address http://127.0.0.1:9101/ --target C:\Users\INTERMAT\Documents\GitHub\dart-api-request\lib\main.dart

## exception

WebSocketException: WebSocketException: Connection to 'http://localhost:50853/devtools/page/B8895D888931CF3314F2A00D67977D1B#' was not upgraded to websocket

```
#0      _WebSocketImpl.connect (dart:_http/websocket_impl.dart:1011:41)
#1      WebSocket.connect (dart:_http/websocket.dart:320:22)
#2      WipConnection.connect (package:webkit_inspection_protocol/webkit_inspection_protocol.dart:231:22)
#3      ChromeTab.connect (package:webkit_inspection_protocol/webkit_inspection_protocol.dart:184:26)
#4      Chromium.close (package:flutter_tools/src/web/chrome.dart:515:55)
<asynchronous suspension>
#5      ChromiumDevice.stopApp (package:flutter_tools/src/web/web_device.dart:164:5)
<asynchronous suspension>
#6      ResidentWebRunner._cleanup (package:flutter_tools/src/isolated/resident_web_runner.dart:203:5)
<asynchronous suspension>
#7      ResidentWebRunner.cleanupAtFinish (package:flutter_tools/src/isolated/resident_web_runner.dart:191:5)
<asynchronous suspension>
#8      ResidentRunner.waitForAppToFinish (package:flutter_tools/src/resident_runner.dart:1482:5)
<asynchronous suspension>
#9      RunCommand.runCommand (package:flutter_tools/src/commands/run.dart:788:26)
<asynchronous suspension>
#10     FlutterCommand.run.<anonymous closure> (package:flutter_tools/src/runner/flutter_command.dart:1408:27)
<asynchronous suspension>
#11     AppContext.run.<anonymous closure> (package:flutter_tools/src/base/context.dart:153:19)
<asynchronous suspension>
#12     CommandRunner.runCommand (package:args/command_runner.dart:212:13)
<asynchronous suspension>
#13     FlutterCommandRunner.runCommand.<anonymous closure> (package:flutter_tools/src/runner/flutter_command_runner.dart:420:9)
<asynchronous suspension>
#14     AppContext.run.<anonymous closure> (package:flutter_tools/src/base/context.dart:153:19)
<asynchronous suspension>
#15     FlutterCommandRunner.runCommand (package:flutter_tools/src/runner/flutter_command_runner.dart:364:5)
<asynchronous suspension>
#16     run.<anonymous closure>.<anonymous closure> (package:flutter_tools/runner.dart:130:9)
<asynchronous suspension>
#17     AppContext.run.<anonymous closure> (package:flutter_tools/src/base/context.dart:153:19)
<asynchronous suspension>
#18     main (package:flutter_tools/executable.dart:93:3)
<asynchronous suspension>
```

## flutter doctor

```
[!] Flutter (Channel stable, 3.24.5, on Microsoft Windows [versÆo 10.0.22631.4602], locale pt-BR)
    • Flutter version 3.24.5 on channel stable at C:\flutter
    ! The flutter binary is not on your path. Consider adding C:\flutter\bin to your path.
    ! The dart binary is not on your path. Consider adding C:\flutter\bin to your path.
    • Upstream repository https://github.com/flutter/flutter.git
    • Framework revision dec2ee5c1f (8 weeks ago), 2024-11-13 11:13:06 -0800
    • Engine revision a18df97ca5
    • Dart version 3.5.4
    • DevTools version 2.37.3
    • If those were intentional, you can disregard the above warnings; however it is recommended to use "git" directly to perform update checks and upgrades.

[✓] Windows Version (Installed version of Windows is version 10 or higher)

[!] Android toolchain - develop for Android devices (Android SDK version 35.0.0)
    • Android SDK at C:\Users\INTERMAT\AppData\Local\Android\sdk
    ✗ cmdline-tools component is missing
      Run `path/to/sdkmanager --install "cmdline-tools;latest"`
      See https://developer.android.com/studio/command-line for more details.
    ✗ Android license status unknown.
      Run `flutter doctor --android-licenses` to accept the SDK licenses.
      See https://flutter.dev/to/windows-android-setup for more details.

[✓] Chrome - develop for the web
    • Chrome at C:\Program Files\Google\Chrome\Application\chrome.exe

[!] Visual Studio - develop Windows apps (Ferramentas de Build do Visual Studio 2019 16.11.40)
    • Visual Studio at C:\Program Files (x86)\Microsoft Visual Studio\2019\BuildTools
    • Ferramentas de Build do Visual Studio 2019 version 16.11.35229.62
    • Windows 10 SDK version 10.0.19041.0
    ✗ The current Visual Studio installation is incomplete.
      Please use Visual Studio Installer to complete the installation or reinstall Visual Studio.

[✓] Android Studio (version 2024.1)
    • Android Studio at C:\Program Files\Android\Android Studio
    • Flutter plugin can be installed from:
      🔨 https://plugins.jetbrains.com/plugin/9212-flutter
    • Dart plugin can be installed from:
      🔨 https://plugins.jetbrains.com/plugin/6351-dart
    • Java version OpenJDK Runtime Environment (build 17.0.11+0--11852314)

[✓] IntelliJ IDEA Community Edition (version 2024.2)
    • IntelliJ at C:\Program Files\JetBrains\IntelliJ IDEA Community Edition 2024.2.3
    • Flutter plugin can be installed from:
      🔨 https://plugins.jetbrains.com/plugin/9212-flutter
    • Dart plugin can be installed from:
      🔨 https://plugins.jetbrains.com/plugin/6351-dart

[✓] VS Code (version 1.95.3)
    • VS Code at C:\Users\INTERMAT\AppData\Local\Programs\Microsoft VS Code
    • Flutter extension version 3.102.0

[✓] Connected device (3 available)
    • Windows (desktop) • windows • windows-x64    • Microsoft Windows [versÆo 10.0.22631.4602]
    • Chrome (web)      • chrome  • web-javascript • Google Chrome 131.0.6778.86
    • Edge (web)        • edge    • web-javascript • Microsoft Edge 131.0.2903.70

[✓] Network resources
    • All expected network resources are available.

! Doctor found issues in 3 categories.
```
